
> nextjs_template@0.1.0 typecheck
> tsc --noEmit

src/app/(dashboard)/recommendations/edit/components/recommendation-form.tsx(281,23): error TS1128: Declaration or statement expected.
src/app/(dashboard)/recommendations/edit/components/recommendation-form.tsx(289,21): error TS1128: Declaration or statement expected.
src/app/(dashboard)/recommendations/edit/components/recommendation-form.tsx(290,19): error TS1109: Expression expected.
src/app/(dashboard)/recommendations/edit/components/recommendation-form.tsx(292,17): error TS1128: Declaration or statement expected.
src/app/(dashboard)/recommendations/edit/components/recommendation-form.tsx(293,15): error TS1109: Expression expected.
src/app/(dashboard)/recommendations/edit/components/recommendation-form.tsx(293,16): error TS1128: Declaration or statement expected.
src/app/(dashboard)/recommendations/edit/components/recommendation-form.tsx(294,13): error TS1161: Unterminated regular expression literal.
src/app/(dashboard)/recommendations/edit/components/recommendation-form.tsx(333,11): error TS1128: Declaration or statement expected.
src/app/(dashboard)/recommendations/edit/components/recommendation-form.tsx(334,9): error TS1109: Expression expected.
src/app/(dashboard)/recommendations/edit/components/recommendation-form.tsx(334,10): error TS1128: Declaration or statement expected.
src/app/(dashboard)/recommendations/edit/components/recommendation-form.tsx(334,11): error TS1128: Declaration or statement expected.
src/app/(dashboard)/recommendations/edit/components/recommendation-form.tsx(337,7): error TS1128: Declaration or statement expected.
src/app/(dashboard)/recommendations/edit/components/recommendation-form.tsx(338,5): error TS1109: Expression expected.
src/app/(dashboard)/recommendations/edit/components/recommendation-form.tsx(339,3): error TS1109: Expression expected.
src/app/(dashboard)/recommendations/edit/components/recommendation-form.tsx(340,1): error TS1128: Declaration or statement expected.
